TN:
SF:mocks/fileMock.js
FNF:0
FNH:0
DA:1,1
LF:1
LH:1
BRF:0
BRH:0
end_of_record
TN:
SF:src/components/About/index.jsx
FN:19,About
FNF:1
FNH:1
FNDA:1,About
DA:1,1
DA:2,1
DA:3,1
DA:4,1
DA:5,1
DA:6,1
DA:7,1
DA:8,1
DA:9,1
DA:10,1
DA:11,1
DA:12,1
DA:13,1
DA:14,1
DA:15,1
DA:16,1
DA:17,1
DA:18,1
DA:19,1
DA:20,1
DA:21,1
DA:22,1
DA:23,1
DA:24,1
DA:25,1
DA:26,1
DA:27,1
DA:28,1
DA:29,1
DA:30,1
DA:31,1
DA:32,1
DA:33,1
DA:34,1
DA:35,1
DA:36,1
DA:37,1
DA:38,1
DA:39,1
DA:40,1
DA:41,1
DA:42,1
DA:43,1
LF:43
LH:43
BRDA:19,0,0,1
BRF:1
BRH:1
end_of_record
TN:
SF:src/components/About/styles.js
FNF:0
FNH:0
DA:1,1
DA:2,1
DA:3,1
DA:4,1
DA:5,1
DA:6,1
DA:7,1
DA:8,1
DA:9,1
DA:10,1
DA:11,1
DA:12,1
DA:13,1
DA:14,1
DA:15,1
DA:16,1
DA:17,1
DA:18,1
DA:19,1
DA:20,1
DA:21,1
DA:22,1
DA:23,1
DA:24,1
DA:25,1
DA:26,1
DA:27,1
DA:28,1
DA:29,1
DA:30,1
DA:31,1
DA:32,1
DA:33,1
DA:34,1
DA:35,1
DA:36,1
DA:37,1
DA:38,1
DA:39,1
DA:40,1
DA:41,1
DA:42,1
DA:43,1
DA:44,1
DA:45,1
DA:46,1
DA:47,1
DA:48,1
DA:49,1
DA:50,1
DA:51,1
DA:52,1
DA:53,1
DA:54,1
DA:55,1
DA:56,1
DA:57,1
DA:58,1
DA:59,1
DA:60,1
DA:61,1
DA:62,1
DA:63,1
DA:64,1
DA:65,1
DA:66,1
DA:67,1
DA:68,1
DA:69,1
DA:70,1
DA:71,1
DA:72,1
DA:73,1
DA:74,1
DA:75,1
DA:76,1
DA:77,1
DA:78,1
DA:79,1
DA:80,1
DA:81,1
DA:82,1
DA:83,1
DA:84,1
LF:84
LH:84
BRF:0
BRH:0
end_of_record
TN:
SF:src/components/Search/index.jsx
FN:18,Search
FN:27,handleSubmit
FN:40,onSubmit
FN:51,onChange
FN:52,renderInput
FNF:5
FNH:2
FNDA:2,Search
FNDA:0,handleSubmit
FNDA:0,onSubmit
FNDA:0,onChange
FNDA:3,renderInput
DA:1,1
DA:2,1
DA:3,1
DA:4,1
DA:5,1
DA:6,1
DA:7,1
DA:8,1
DA:9,1
DA:10,1
DA:11,1
DA:12,1
DA:13,1
DA:14,1
DA:15,1
DA:16,1
DA:17,1
DA:18,1
DA:19,2
DA:20,2
DA:21,2
DA:22,2
DA:23,2
DA:24,2
DA:25,2
DA:26,2
DA:27,2
DA:28,0
DA:29,0
DA:30,0
DA:31,2
DA:32,2
DA:33,1
DA:34,2
DA:35,2
DA:36,2
DA:37,2
DA:38,2
DA:39,2
DA:40,2
DA:41,0
DA:42,0
DA:43,0
DA:44,2
DA:45,2
DA:46,2
DA:47,2
DA:48,2
DA:49,2
DA:50,2
DA:51,2
DA:52,2
DA:53,2
DA:54,2
DA:55,2
DA:56,2
DA:57,2
DA:58,2
DA:59,2
DA:60,2
DA:61,2
DA:62,2
DA:63,2
DA:64,2
DA:65,2
DA:66,2
DA:67,1
DA:68,1
LF:68
LH:62
BRDA:18,0,0,2
BRDA:32,1,0,1
BRDA:52,2,0,3
BRF:3
BRH:3
end_of_record
TN:
SF:src/components/Search/styles.js
FNF:0
FNH:0
DA:1,1
DA:2,1
DA:3,1
DA:4,1
DA:5,1
DA:6,1
DA:7,1
DA:8,1
DA:9,1
DA:10,1
DA:11,1
DA:12,1
DA:13,1
DA:14,1
DA:15,1
DA:16,1
DA:17,1
DA:18,1
DA:19,1
DA:20,1
DA:21,1
DA:22,1
DA:23,1
DA:24,1
DA:25,1
DA:26,1
DA:27,1
DA:28,1
DA:29,1
DA:30,1
DA:31,1
DA:32,1
DA:33,1
DA:34,1
DA:35,1
DA:36,1
DA:37,1
DA:38,1
DA:39,1
DA:40,1
DA:41,1
DA:42,1
DA:43,1
DA:44,1
DA:45,1
DA:46,1
DA:47,1
DA:48,1
DA:49,1
DA:50,1
DA:51,1
DA:52,1
DA:53,1
DA:54,1
DA:55,1
DA:56,1
DA:57,1
DA:58,1
DA:59,1
DA:60,1
DA:61,1
DA:62,1
DA:63,1
DA:64,1
DA:65,1
DA:66,1
DA:67,1
DA:68,1
DA:69,1
DA:70,1
DA:71,1
DA:72,1
LF:72
LH:72
BRF:0
BRH:0
end_of_record
TN:
SF:src/contextApi/useCities.jsx
FN:13,CitiesContextProvider
FN:21,_callee
FN:21,_callee$
FN:21,handleSearchCities
FN:50,useCities
FNF:5
FNH:5
FNDA:3,CitiesContextProvider
FNDA:1,_callee
FNDA:2,_callee$
FNDA:1,handleSearchCities
FNDA:2,useCities
DA:1,1
DA:2,1
DA:3,1
DA:4,1
DA:5,1
DA:6,1
DA:7,1
DA:8,1
DA:9,1
DA:10,1
DA:11,1
DA:12,1
DA:13,1
DA:14,3
DA:15,3
DA:16,3
DA:17,3
DA:18,3
DA:19,3
DA:20,3
DA:21,3
DA:22,0
DA:23,0
DA:24,0
DA:25,1
DA:26,1
DA:27,1
DA:28,1
DA:29,1
DA:30,0
DA:31,0
DA:32,3
DA:33,3
DA:34,3
DA:35,3
DA:36,3
DA:37,3
DA:38,3
DA:39,3
DA:40,3
DA:41,3
DA:42,3
DA:43,3
DA:44,3
DA:45,3
DA:46,3
DA:47,3
DA:48,3
DA:49,1
DA:50,1
DA:51,2
DA:52,2
LF:52
LH:47
BRDA:13,0,0,3
BRDA:21,1,0,2
BRDA:21,2,0,1
BRDA:21,3,0,2
BRDA:21,4,0,3
BRDA:21,5,0,1
BRDA:21,6,0,1
BRDA:21,7,0,0
BRDA:21,8,0,1
BRDA:21,9,0,1
BRDA:24,10,0,1
BRDA:21,11,0,1
BRDA:50,12,0,2
BRF:13
BRH:12
end_of_record
TN:
SF:src/contextApi/useHotels.jsx
FN:15,HotelContextProvider
FN:92,useHotels
FNF:2
FNH:1
FNDA:0,HotelContextProvider
FNDA:2,useHotels
DA:1,1
DA:2,1
DA:3,1
DA:4,1
DA:5,1
DA:6,1
DA:7,1
DA:8,1
DA:9,1
DA:10,1
DA:11,1
DA:12,1
DA:13,1
DA:14,1
DA:15,1
DA:16,0
DA:17,0
DA:18,0
DA:19,0
DA:20,0
DA:21,0
DA:22,0
DA:23,0
DA:24,0
DA:25,0
DA:26,0
DA:27,0
DA:28,0
DA:29,0
DA:30,0
DA:31,0
DA:32,0
DA:33,0
DA:34,0
DA:35,0
DA:36,0
DA:37,0
DA:38,0
DA:39,0
DA:40,0
DA:41,0
DA:42,0
DA:43,0
DA:44,0
DA:45,0
DA:46,0
DA:47,0
DA:48,0
DA:49,0
DA:50,0
DA:51,0
DA:52,0
DA:53,0
DA:54,0
DA:55,0
DA:56,0
DA:57,0
DA:58,0
DA:59,0
DA:60,0
DA:61,0
DA:62,0
DA:63,0
DA:64,0
DA:65,0
DA:66,0
DA:67,0
DA:68,0
DA:69,0
DA:70,0
DA:71,0
DA:72,0
DA:73,0
DA:74,0
DA:75,0
DA:76,0
DA:77,0
DA:78,0
DA:79,0
DA:80,0
DA:81,0
DA:82,0
DA:83,0
DA:84,0
DA:85,0
DA:86,0
DA:87,0
DA:88,0
DA:89,0
DA:90,0
DA:91,1
DA:92,1
DA:93,2
DA:94,2
LF:94
LH:19
BRDA:92,0,0,2
BRF:1
BRH:1
end_of_record
TN:
SF:src/services/api.js
FNF:0
FNH:0
DA:1,1
DA:2,1
DA:3,1
DA:4,1
DA:5,1
DA:6,1
DA:7,1
DA:8,1
DA:9,1
DA:10,1
DA:11,1
LF:11
LH:11
BRF:0
BRH:0
end_of_record
TN:
SF:src/tests/msw-server.js
FNF:0
FNH:0
DA:1,1
DA:2,1
DA:3,1
DA:4,1
DA:5,1
LF:5
LH:5
BRF:0
BRH:0
end_of_record
TN:
SF:src/tests/cities/handlers.js
FN:8,_callee
FN:8,_callee$
FNF:2
FNH:2
FNDA:1,_callee
FNDA:2,_callee$
DA:1,1
DA:2,1
DA:3,1
DA:4,1
DA:5,1
DA:6,1
DA:7,1
DA:8,1
DA:9,1
DA:10,1
DA:11,1
DA:12,1
LF:12
LH:12
BRDA:8,0,0,1
BRDA:8,1,0,1
BRDA:8,2,0,2
BRDA:8,3,0,1
BRDA:8,4,0,0
BRDA:8,5,0,1
BRDA:8,6,0,1
BRF:7
BRH:6
end_of_record
TN:
SF:src/tests/hotels/handlers.js
FN:36,_callee
FN:42,_callee2
FN:47,_callee3
FNF:3
FNH:0
FNDA:0,_callee
FNDA:0,_callee2
FNDA:0,_callee3
DA:1,1
DA:2,1
DA:3,1
DA:4,1
DA:5,1
DA:6,1
DA:7,1
DA:8,1
DA:9,1
DA:10,1
DA:11,1
DA:12,1
DA:13,1
DA:14,1
DA:15,1
DA:16,1
DA:17,1
DA:18,1
DA:19,1
DA:20,1
DA:21,1
DA:22,1
DA:23,1
DA:24,1
DA:25,1
DA:26,1
DA:27,1
DA:28,1
DA:29,1
DA:30,1
DA:31,1
DA:32,1
DA:33,1
DA:34,1
DA:35,1
DA:36,1
DA:37,1
DA:38,1
DA:39,1
DA:40,1
DA:41,1
DA:42,1
DA:43,1
DA:44,1
DA:45,1
DA:46,1
DA:47,1
DA:48,1
DA:49,1
DA:50,1
LF:50
LH:50
BRDA:36,0,0,1
BRDA:40,1,0,1
BRDA:45,2,0,1
BRF:3
BRH:3
end_of_record
